(0000) 3000  0011000000000000 (   1)                 .ORIG x3000
(3000) 2834  0010100000110100 (   2)                 LD    R4 Record
(3001) 6700  0110011100000000 (   3)                 LDR   R3 R4 #0
(3002) A231  1010001000110001 (   4)                 LDI   R1 Head
(3003) 6440  0110010001000000 (   6) Loop            LDR   R2 R1 #0
(3004) 4824  0100100000100100 (   7)                 JSR   Compare
(3005) 1B60  0001101101100000 (   8)                 ADD   R5 R5 #0
(3006) 0C04  0000110000000100 (   9)                 BRNZ  Insert
(3007) 5020  0101000000100000 (  10)                 AND   R0 R0 #0
(3008) 1001  0001000000000001 (  11)                 ADD   R0 R0 R1
(3009) 6241  0110001001000001 (  12)                 LDR   R1 R1 #1
(300A) 0FF8  0000111111111000 (  13)                 BRNZP Loop
(300B) 7801  0111100000000001 (  15) Insert          STR   R4 R0 #1
(300C) 7301  0111001100000001 (  16)                 STR   R1 R4 #1
(300D) 2028  0010000000101000 (  18)                 LD    R0 LookUp
(300E) A225  1010001000100101 (  19)                 LDI   R1 Head
(300F) 5920  0101100100100000 (  20)                 AND   R4 R4 #0
(3010) 5DA0  0101110110100000 (  21)                 AND   R6 R6 #0
(3011) 1DA1  0001110110100001 (  22)                 ADD   R6 R6 #1
(3012) A821  1010100000100001 (  23)                 LDI   R4 Head
(3013) 6400  0110010000000000 (  25) Loop1           LDR   R2 R0 #0
(3014) 041B  0000010000011011 (  26)                 BRZ   S1end
(3015) 6642  0110011001000010 (  27)                 LDR   R3 R1 #2
(3016) 4812  0100100000010010 (  28) Cont            JSR   Compare
(3017) 1B60  0001101101100000 (  29)                 ADD   R5 R5 #0
(3018) 0A03  0000101000000011 (  30)                 BRNP  Break
(3019) 1021  0001000000100001 (  31)                 ADD   R0 R0 #1
(301A) 1261  0001001001100001 (  32)                 ADD   R1 R1 #1
(301B) 0FF7  0000111111110111 (  33)                 BRNZP Loop1
(301C) 5260  0101001001100000 (  35) Break           AND   R1 R1 #0
(301D) 1244  0001001001000100 (  36)                 ADD   R1 R1 R4
(301E) 6241  0110001001000001 (  37)                 LDR   R1 R1 #1
(301F) 5920  0101100100100000 (  38)                 AND   R4 R4 #0
(3020) 1901  0001100100000001 (  39)                 ADD   R4 R4 R1
(3021) 0403  0000010000000011 (  40)                 BRZ   NotF
(3022) 1DA1  0001110110100001 (  41)                 ADD   R6 R6 #1
(3023) 2012  0010000000010010 (  42)                 LD    R0 LookUp
(3024) 0FEE  0000111111101110 (  43)                 BRNZP Loop1
(3025) 5DA0  0101110110100000 (  45) NotF            AND   R6 R6 #0
(3026) 2010  0010000000010000 (  46) Done            LD    R0 Rank
(3027) 7C00  0111110000000000 (  47)                 STR   R6 R0 #0
(3028) F025  1111000000100101 (  48)                 TRAP  x25
(3029) 3609  0011011000001001 (  49) Compare         ST    R3 SaveR3
(302A) 96FF  1001011011111111 (  50)                 NOT   R3 R3
(302B) 16E1  0001011011100001 (  51)                 ADD   R3 R3 #1
(302C) 5B60  0101101101100000 (  52)                 AND   R5 R5 #0
(302D) 1A83  0001101010000011 (  53)                 ADD   R5 R2 R3
(302E) 2604  0010011000000100 (  54)                 LD    R3 SaveR3
(302F) C1C0  1100000111000000 (  55)                 RET   
(3030) 6642  0110011001000010 (  56) S1end           LDR   R3 R1 #2
(3031) 05F4  0000010111110100 (  57)                 BRZ   Done
(3032) 0FE3  0000111111100011 (  58)                 BRNZP Cont
(3033) 0000  0000000000000000 (  59) SaveR3          .FILL x0000
(3034) 3500  0011010100000000 (  60) Head            .FILL x3500
(3035) 4500  0100010100000000 (  61) Record          .FILL x4500
(3036) 5500  0101010100000000 (  62) LookUp          .FILL x5500
(3037) 54FF  0101010011111111 (  63) Rank            .FILL x54FF
